<?xml version="1.0" encoding="UTF-8"?>
<!-- Generated by org.testng.reporters.JUnitReportReporter -->
<testsuite skipped="0" hostname="Gauravs-MacBook-Pro.local" name="indusTestCases.AmazonTest" tests="2" failures="0" timestamp="05 Apr 2020 07:47:40 GMT" time="31.175" errors="0">
  <testcase name="searchProduct" time="21.180" classname="indusTestCases.AmazonTest"/>
  <testcase name="loginAmazon" time="9.995" classname="indusTestCases.AmazonTest"/>
</testsuite> <!-- indusTestCases.AmazonTest -->
